<?xml version="1.0" encoding="UTF-8"?>
<!-- Generated by org.testng.reporters.JUnitXMLReporter -->
<testsuite ignored="0" hostname="LAPTOP-0CF2PGEA" failures="1" tests="1" name="Test(failed)" time="10.202" errors="0" timestamp="2024-12-11T11:29:43 IST">
  <testcase classname="com.luma.testCases.TC_003_AddToCartWithOutLoginTest" name="verifyAddToCartWithoutLogin" time="4.966">
    <failure type="java.lang.RuntimeException" message="Colour orange is not available.">
      <![CDATA[java.lang.RuntimeException: Colour orange is not available.
at com.luma.utilities.LumaUtils.selectColour(LumaUtils.java:54)
at com.luma.testCases.TC_003_AddToCartWithOutLoginTest.verifyAddToCartWithoutLogin(TC_003_AddToCartWithOutLoginTest.java:28)
at java.base/java.util.ArrayList.forEach(ArrayList.java:1511)
... Removed 27 stack frames]]>
    </failure>
  </testcase> <!-- verifyAddToCartWithoutLogin -->
</testsuite> <!-- Test(failed) -->
