<?xml version="1.0" encoding="UTF-8"?>
<testsuite xmlns:xsi="http://www.w3.org/2001/XMLSchema-instance" xsi:noNamespaceSchemaLocation="https://maven.apache.org/surefire/maven-surefire-plugin/xsd/surefire-test-report-3.0.xsd" version="3.0" name="TestSuite" time="32.294" tests="2" errors="0" skipped="0" failures="0">
  <properties>
[...]
</properties>
  <testcase name="verifyLogin[nmhtFn, xqpbLn, nmhtFnxqpbLn@gmail.com, P@55word](1)" classname="com.luma.testCases.TC_002_login" time="11.517">
    <system-out><![CDATA[You are signed out
]]></system-out>
  </testcase>
  <testcase name="verifyLogin[jsckFn, mhjxLn, jsckFnmhjxLn@gmail.com, P@55word](2)" classname="com.luma.testCases.TC_002_login" time="11.91">
    <system-out><![CDATA[You are signed out
]]></system-out>
  </testcase>
</testsuite>