<?xml version="1.0" encoding="UTF-8"?>
<testng-results ignored="0" total="1" passed="1" failed="0" skipped="0">
  <reporter-output>
  </reporter-output>
  <suite started-at="2024-12-12T20:10:21 IST" name="Suite" finished-at="2024-12-12T20:10:41 IST" duration-ms="20223">
    <groups>
      <group name="regression">
        <method signature="TC_004_CreateByUsingSignInLink.createCusBysignin()[pri:0, instance:com.luma.testCases.TC_004_CreateByUsingSignInLink@52719fb6]" name="createCusBysignin" class="com.luma.testCases.TC_004_CreateByUsingSignInLink"/>
      </group> <!-- regression -->
    </groups>
    <test started-at="2024-12-12T20:10:21 IST" name="Test" finished-at="2024-12-12T20:10:41 IST" duration-ms="20223">
      <class name="com.luma.testCases.TC_004_CreateByUsingSignInLink">
        <test-method is-config="true" signature="setup(java.lang.String,java.lang.String)[pri:0, instance:com.luma.testCases.TC_004_CreateByUsingSignInLink@52719fb6]" started-at="2024-12-12T20:10:21 IST" name="setup" finished-at="2024-12-12T20:10:31 IST" duration-ms="9403" status="PASS">
          <params>
            <param index="0">
              <value>
                <![CDATA[edge]]>
              </value>
            </param>
            <param index="1">
              <value>
                <![CDATA[windows]]>
              </value>
            </param>
          </params>
          <reporter-output>
          </reporter-output>
        </test-method> <!-- setup -->
        <test-method signature="createCusBysignin()[pri:0, instance:com.luma.testCases.TC_004_CreateByUsingSignInLink@52719fb6]" started-at="2024-12-12T20:10:31 IST" name="createCusBysignin" finished-at="2024-12-12T20:10:40 IST" duration-ms="9207" status="PASS">
          <reporter-output>
          </reporter-output>
        </test-method> <!-- createCusBysignin -->
        <test-method is-config="true" signature="tearDown()[pri:0, instance:com.luma.testCases.TC_004_CreateByUsingSignInLink@52719fb6]" started-at="2024-12-12T20:10:40 IST" name="tearDown" finished-at="2024-12-12T20:10:41 IST" duration-ms="1283" status="PASS">
          <reporter-output>
          </reporter-output>
        </test-method> <!-- tearDown -->
      </class> <!-- com.luma.testCases.TC_004_CreateByUsingSignInLink -->
    </test> <!-- Test -->
  </suite> <!-- Suite -->
</testng-results>
