<?xml version="1.0" encoding="UTF-8"?>
<testng-results ignored="0" total="1" passed="1" failed="0" skipped="0">
  <reporter-output>
  </reporter-output>
  <suite started-at="2024-12-16T21:53:11 IST" name="Suite" finished-at="2024-12-16T21:53:35 IST" duration-ms="24707">
    <groups>
      <group name="sanity">
        <method signature="TC_005_AddToCart_and_delete.deleteAddedItem()[pri:0, instance:com.luma.testCases.TC_005_AddToCart_and_delete@942a29c]" name="deleteAddedItem" class="com.luma.testCases.TC_005_AddToCart_and_delete"/>
      </group> <!-- sanity -->
      <group name="master">
        <method signature="TC_005_AddToCart_and_delete.deleteAddedItem()[pri:0, instance:com.luma.testCases.TC_005_AddToCart_and_delete@942a29c]" name="deleteAddedItem" class="com.luma.testCases.TC_005_AddToCart_and_delete"/>
      </group> <!-- master -->
    </groups>
    <test started-at="2024-12-16T21:53:11 IST" name="Test" finished-at="2024-12-16T21:53:35 IST" duration-ms="24707">
      <class name="com.luma.testCases.TC_005_AddToCart_and_delete">
        <test-method is-config="true" signature="setup(java.lang.String,java.lang.String)[pri:0, instance:com.luma.testCases.TC_005_AddToCart_and_delete@942a29c]" started-at="2024-12-16T21:53:11 IST" name="setup" finished-at="2024-12-16T21:53:21 IST" duration-ms="10506" status="PASS">
          <params>
            <param index="0">
              <value>
                <![CDATA[chrome]]>
              </value>
            </param>
            <param index="1">
              <value>
                <![CDATA[windows]]>
              </value>
            </param>
          </params>
          <reporter-output>
          </reporter-output>
        </test-method> <!-- setup -->
        <test-method signature="deleteAddedItem()[pri:0, instance:com.luma.testCases.TC_005_AddToCart_and_delete@942a29c]" started-at="2024-12-16T21:53:21 IST" name="deleteAddedItem" finished-at="2024-12-16T21:53:35 IST" duration-ms="13453" status="PASS">
          <reporter-output>
          </reporter-output>
        </test-method> <!-- deleteAddedItem -->
        <test-method is-config="true" signature="tearDown()[pri:0, instance:com.luma.testCases.TC_005_AddToCart_and_delete@942a29c]" started-at="2024-12-16T21:53:35 IST" name="tearDown" finished-at="2024-12-16T21:53:35 IST" duration-ms="393" status="PASS">
          <reporter-output>
          </reporter-output>
        </test-method> <!-- tearDown -->
      </class> <!-- com.luma.testCases.TC_005_AddToCart_and_delete -->
    </test> <!-- Test -->
  </suite> <!-- Suite -->
</testng-results>
