<?xml version="1.0" encoding="UTF-8"?>
<!-- Generated by org.testng.reporters.JUnitXMLReporter -->
<testsuite ignored="4" hostname="LAPTOP-0CF2PGEA" failures="0" tests="2" name="Sanity Tests" time="30.648" errors="0" timestamp="2024-12-12T20:35:43 IST">
  <testcase classname="com.luma.testCases.TC_002_login" name="verifyLogin" time="11.242"/>
  <testcase classname="com.luma.testCases.TC_002_login" name="verifyLogin" time="11.681"/>
  <testcase classname="com.luma.testCases.TC_004_CreateByUsingSignInLink" name="createCusBysignin" time="0.0">
    <ignored/>
  </testcase> <!-- createCusBysignin -->
  <testcase classname="com.luma.testCases.TC_003_AddToCartWithOutLoginTest" name="verifyAddToCartWithoutLogin" time="0.0">
    <ignored/>
  </testcase> <!-- verifyAddToCartWithoutLogin -->
  <testcase classname="com.luma.testCases.TC_005_AddToCart_and_delete" name="deleteAddedItem" time="0.0">
    <ignored/>
  </testcase> <!-- deleteAddedItem -->
  <testcase classname="com.luma.testCases.TC_001_CreateAccount" name="createCusAcc" time="0.0">
    <ignored/>
  </testcase> <!-- createCusAcc -->
</testsuite> <!-- Sanity Tests -->
