<?xml version="1.0" encoding="UTF-8"?>
<!-- Generated by org.testng.reporters.JUnitXMLReporter -->
<testsuite ignored="0" hostname="LAPTOP-0CF2PGEA" failures="0" tests="3" name="Sanity Tests(failed)(failed)" time="27.275" errors="0" timestamp="2024-12-11T11:55:29 IST">
  <testcase classname="com.luma.testCases.TC_001_CreateAccount" name="createCusAcc" time="7.747"/>
  <testcase classname="com.luma.testCases.TC_001_CreateAccount" name="createCusAcc" time="7.049"/>
  <testcase classname="com.luma.testCases.TC_001_CreateAccount" name="createCusAcc" time="6.924"/>
</testsuite> <!-- Sanity Tests(failed)(failed) -->
